mode: set
github.com/berezovskyivalerii/adsieve/internal/adapter/crypto/bcrypt_hasher.go:9.46,10.15 1 0
github.com/berezovskyivalerii/adsieve/internal/adapter/crypto/bcrypt_hasher.go:10.15,12.3 1 0
github.com/berezovskyivalerii/adsieve/internal/adapter/crypto/bcrypt_hasher.go:13.2,13.34 1 0
github.com/berezovskyivalerii/adsieve/internal/adapter/crypto/bcrypt_hasher.go:16.62,19.2 2 0
github.com/berezovskyivalerii/adsieve/internal/adapter/crypto/bcrypt_hasher.go:21.58,23.2 1 0
github.com/berezovskyivalerii/adsieve/cmd/api/main.go:23.13,24.40 1 0
github.com/berezovskyivalerii/adsieve/cmd/api/main.go:24.40,26.3 1 0
github.com/berezovskyivalerii/adsieve/cmd/api/main.go:29.2,36.16 6 0
github.com/berezovskyivalerii/adsieve/cmd/api/main.go:36.16,38.3 1 0
github.com/berezovskyivalerii/adsieve/cmd/api/main.go:39.2,43.33 4 0
github.com/berezovskyivalerii/adsieve/cmd/api/main.go:43.33,45.3 1 0
github.com/berezovskyivalerii/adsieve/cmd/api/main.go:48.2,66.12 9 0
github.com/berezovskyivalerii/adsieve/cmd/api/main.go:66.12,68.73 2 0
github.com/berezovskyivalerii/adsieve/cmd/api/main.go:68.73,70.4 1 0
github.com/berezovskyivalerii/adsieve/cmd/api/main.go:74.2,81.42 7 0
github.com/berezovskyivalerii/adsieve/cmd/api/main.go:81.42,83.3 1 0
github.com/berezovskyivalerii/adsieve/cmd/api/main.go:84.2,84.35 1 0
github.com/berezovskyivalerii/adsieve/cmd/api/main.go:87.33,89.15 2 0
github.com/berezovskyivalerii/adsieve/cmd/api/main.go:89.15,91.3 1 0
github.com/berezovskyivalerii/adsieve/cmd/api/main.go:92.2,92.12 1 0
github.com/berezovskyivalerii/adsieve/cmd/api/main.go:95.37,96.34 1 0
github.com/berezovskyivalerii/adsieve/cmd/api/main.go:96.34,98.3 1 0
github.com/berezovskyivalerii/adsieve/cmd/api/main.go:99.2,99.12 1 0
github.com/berezovskyivalerii/adsieve/cmd/api/main.go:102.25,103.13 1 0
github.com/berezovskyivalerii/adsieve/cmd/api/main.go:103.13,105.3 1 0
github.com/berezovskyivalerii/adsieve/cmd/api/main.go:106.2,107.10 2 0
github.com/berezovskyivalerii/adsieve/internal/delivery/rest/auth_handler.go:20.42,22.48 2 0
github.com/berezovskyivalerii/adsieve/internal/delivery/rest/auth_handler.go:22.48,25.3 2 0
github.com/berezovskyivalerii/adsieve/internal/delivery/rest/auth_handler.go:27.2,33.13 2 0
github.com/berezovskyivalerii/adsieve/internal/delivery/rest/auth_handler.go:34.11,38.5 1 0
github.com/berezovskyivalerii/adsieve/internal/delivery/rest/auth_handler.go:39.26,40.74 1 0
github.com/berezovskyivalerii/adsieve/internal/delivery/rest/auth_handler.go:41.10,42.70 1 0
github.com/berezovskyivalerii/adsieve/internal/delivery/rest/auth_handler.go:46.42,48.47 2 0
github.com/berezovskyivalerii/adsieve/internal/delivery/rest/auth_handler.go:48.47,51.3 2 0
github.com/berezovskyivalerii/adsieve/internal/delivery/rest/auth_handler.go:53.2,57.16 2 0
github.com/berezovskyivalerii/adsieve/internal/delivery/rest/auth_handler.go:57.16,60.3 2 0
github.com/berezovskyivalerii/adsieve/internal/delivery/rest/auth_handler.go:62.2,65.4 1 0
github.com/berezovskyivalerii/adsieve/internal/delivery/rest/auth_handler.go:68.43,70.47 2 0
github.com/berezovskyivalerii/adsieve/internal/delivery/rest/auth_handler.go:70.47,73.3 2 0
github.com/berezovskyivalerii/adsieve/internal/delivery/rest/auth_handler.go:75.2,76.16 2 0
github.com/berezovskyivalerii/adsieve/internal/delivery/rest/auth_handler.go:76.16,79.3 2 0
github.com/berezovskyivalerii/adsieve/internal/delivery/rest/auth_handler.go:81.2,84.4 1 0
github.com/berezovskyivalerii/adsieve/internal/delivery/rest/click_handler.go:18.41,20.47 2 0
github.com/berezovskyivalerii/adsieve/internal/delivery/rest/click_handler.go:20.47,23.3 2 0
github.com/berezovskyivalerii/adsieve/internal/delivery/rest/click_handler.go:25.2,32.13 3 0
github.com/berezovskyivalerii/adsieve/internal/delivery/rest/click_handler.go:33.11,34.52 1 0
github.com/berezovskyivalerii/adsieve/internal/delivery/rest/click_handler.go:35.30,36.74 1 0
github.com/berezovskyivalerii/adsieve/internal/delivery/rest/click_handler.go:37.10,38.70 1 0
github.com/berezovskyivalerii/adsieve/internal/delivery/rest/router.go:27.56,29.2 1 0
github.com/berezovskyivalerii/adsieve/internal/delivery/rest/router.go:31.57,38.2 4 0
github.com/berezovskyivalerii/adsieve/internal/delivery/rest/router.go:38.2,40.3 2 0
github.com/berezovskyivalerii/adsieve/internal/delivery/rest/router.go:40.3,44.4 3 0
github.com/berezovskyivalerii/adsieve/internal/delivery/rest/router.go:47.3,47.30 1 0
github.com/berezovskyivalerii/adsieve/internal/delivery/rest/router.go:50.2,50.10 1 0
github.com/berezovskyivalerii/adsieve/internal/domain/service/auth.go:36.126,38.2 1 0
github.com/berezovskyivalerii/adsieve/internal/domain/service/auth.go:43.49,44.58 1 0
github.com/berezovskyivalerii/adsieve/internal/domain/service/auth.go:44.58,46.3 1 0
github.com/berezovskyivalerii/adsieve/internal/domain/service/auth.go:48.2,49.16 2 0
github.com/berezovskyivalerii/adsieve/internal/domain/service/auth.go:49.16,51.3 1 0
github.com/berezovskyivalerii/adsieve/internal/domain/service/auth.go:53.2,57.16 2 0
github.com/berezovskyivalerii/adsieve/internal/domain/service/auth.go:57.16,59.3 1 0
github.com/berezovskyivalerii/adsieve/internal/domain/service/auth.go:61.2,61.38 1 0
github.com/berezovskyivalerii/adsieve/internal/domain/service/auth.go:67.27,69.16 2 0
github.com/berezovskyivalerii/adsieve/internal/domain/service/auth.go:69.16,71.3 1 0
github.com/berezovskyivalerii/adsieve/internal/domain/service/auth.go:73.2,73.70 1 0
github.com/berezovskyivalerii/adsieve/internal/domain/service/auth.go:73.70,75.3 1 0
github.com/berezovskyivalerii/adsieve/internal/domain/service/auth.go:77.2,78.16 2 0
github.com/berezovskyivalerii/adsieve/internal/domain/service/auth.go:78.16,80.3 1 0
github.com/berezovskyivalerii/adsieve/internal/domain/service/auth.go:81.2,81.29 1 0
github.com/berezovskyivalerii/adsieve/internal/domain/service/auth.go:84.97,92.16 3 0
github.com/berezovskyivalerii/adsieve/internal/domain/service/auth.go:92.16,94.3 1 0
github.com/berezovskyivalerii/adsieve/internal/domain/service/auth.go:96.2,97.16 2 0
github.com/berezovskyivalerii/adsieve/internal/domain/service/auth.go:97.16,99.3 1 0
github.com/berezovskyivalerii/adsieve/internal/domain/service/auth.go:101.2,105.17 1 0
github.com/berezovskyivalerii/adsieve/internal/domain/service/auth.go:105.17,107.3 1 0
github.com/berezovskyivalerii/adsieve/internal/domain/service/auth.go:109.2,109.39 1 0
github.com/berezovskyivalerii/adsieve/internal/domain/service/auth.go:112.40,114.40 2 0
github.com/berezovskyivalerii/adsieve/internal/domain/service/auth.go:114.40,116.3 1 0
github.com/berezovskyivalerii/adsieve/internal/domain/service/auth.go:117.2,117.50 1 0
github.com/berezovskyivalerii/adsieve/internal/domain/service/auth.go:120.95,122.16 2 0
github.com/berezovskyivalerii/adsieve/internal/domain/service/auth.go:122.16,123.36 1 0
github.com/berezovskyivalerii/adsieve/internal/domain/service/auth.go:123.36,125.4 1 0
github.com/berezovskyivalerii/adsieve/internal/domain/service/auth.go:126.3,126.21 1 0
github.com/berezovskyivalerii/adsieve/internal/domain/service/auth.go:129.2,129.41 1 0
github.com/berezovskyivalerii/adsieve/internal/domain/service/auth.go:129.41,131.3 1 0
github.com/berezovskyivalerii/adsieve/internal/domain/service/auth.go:133.2,133.46 1 0
github.com/berezovskyivalerii/adsieve/internal/domain/service/click.go:14.62,14.95 1 0
github.com/berezovskyivalerii/adsieve/internal/domain/service/click.go:16.84,18.2 1 0
github.com/berezovskyivalerii/adsieve/internal/delivery/rest/middleware/jwt.go:11.48,12.30 1 0
github.com/berezovskyivalerii/adsieve/internal/delivery/rest/middleware/jwt.go:12.30,14.42 2 0
github.com/berezovskyivalerii/adsieve/internal/delivery/rest/middleware/jwt.go:14.42,17.4 2 0
github.com/berezovskyivalerii/adsieve/internal/delivery/rest/middleware/jwt.go:18.3,20.78 2 0
github.com/berezovskyivalerii/adsieve/internal/delivery/rest/middleware/jwt.go:20.78,21.55 1 0
github.com/berezovskyivalerii/adsieve/internal/delivery/rest/middleware/jwt.go:21.55,23.5 1 0
github.com/berezovskyivalerii/adsieve/internal/delivery/rest/middleware/jwt.go:24.4,24.22 1 0
github.com/berezovskyivalerii/adsieve/internal/delivery/rest/middleware/jwt.go:26.3,26.31 1 0
github.com/berezovskyivalerii/adsieve/internal/delivery/rest/middleware/jwt.go:26.31,29.4 2 0
github.com/berezovskyivalerii/adsieve/internal/delivery/rest/middleware/jwt.go:31.3,32.10 2 0
github.com/berezovskyivalerii/adsieve/internal/delivery/rest/middleware/jwt.go:32.10,35.4 2 0
github.com/berezovskyivalerii/adsieve/internal/delivery/rest/middleware/jwt.go:36.3,37.10 2 0
github.com/berezovskyivalerii/adsieve/internal/delivery/rest/middleware/jwt.go:37.10,40.4 2 0
github.com/berezovskyivalerii/adsieve/internal/delivery/rest/middleware/jwt.go:42.3,43.11 2 0
github.com/berezovskyivalerii/adsieve/internal/domain/entity/user.go:10.13,12.2 1 0
github.com/berezovskyivalerii/adsieve/internal/domain/entity/user.go:26.38,28.2 1 0
github.com/berezovskyivalerii/adsieve/internal/adapter/postgres/pg_click.go:17.44,17.73 1 1
github.com/berezovskyivalerii/adsieve/internal/adapter/postgres/pg_click.go:19.82,25.101 3 1
github.com/berezovskyivalerii/adsieve/internal/adapter/postgres/pg_click.go:25.101,26.64 1 1
github.com/berezovskyivalerii/adsieve/internal/adapter/postgres/pg_click.go:26.64,28.4 1 1
github.com/berezovskyivalerii/adsieve/internal/adapter/postgres/pg_click.go:29.3,29.16 1 0
github.com/berezovskyivalerii/adsieve/internal/adapter/postgres/pg_click.go:31.2,31.16 1 1
github.com/berezovskyivalerii/adsieve/internal/adapter/postgres/pg_click.go:35.79,44.35 4 1
github.com/berezovskyivalerii/adsieve/internal/adapter/postgres/pg_click.go:44.35,46.3 1 1
github.com/berezovskyivalerii/adsieve/internal/adapter/postgres/pg_click.go:47.2,47.15 1 1
github.com/berezovskyivalerii/adsieve/internal/adapter/postgres/pg_tokens.go:15.44,15.74 1 1
github.com/berezovskyivalerii/adsieve/internal/adapter/postgres/pg_tokens.go:20.81,26.2 3 1
github.com/berezovskyivalerii/adsieve/internal/adapter/postgres/pg_tokens.go:32.95,36.16 3 1
github.com/berezovskyivalerii/adsieve/internal/adapter/postgres/pg_tokens.go:36.16,38.3 1 0
github.com/berezovskyivalerii/adsieve/internal/adapter/postgres/pg_tokens.go:39.2,39.15 1 1
github.com/berezovskyivalerii/adsieve/internal/adapter/postgres/pg_tokens.go:39.15,40.17 1 1
github.com/berezovskyivalerii/adsieve/internal/adapter/postgres/pg_tokens.go:40.17,42.4 1 1
github.com/berezovskyivalerii/adsieve/internal/adapter/postgres/pg_tokens.go:46.2,51.35 3 1
github.com/berezovskyivalerii/adsieve/internal/adapter/postgres/pg_tokens.go:51.35,53.3 1 1
github.com/berezovskyivalerii/adsieve/internal/adapter/postgres/pg_tokens.go:54.2,54.16 1 1
github.com/berezovskyivalerii/adsieve/internal/adapter/postgres/pg_tokens.go:54.16,56.3 1 0
github.com/berezovskyivalerii/adsieve/internal/adapter/postgres/pg_tokens.go:59.2,60.66 2 1
github.com/berezovskyivalerii/adsieve/internal/adapter/postgres/pg_tokens.go:60.66,62.3 1 1
github.com/berezovskyivalerii/adsieve/internal/adapter/postgres/pg_tokens.go:64.2,65.16 2 1
github.com/berezovskyivalerii/adsieve/internal/adapter/postgres/pg_user.go:17.40,17.68 1 1
github.com/berezovskyivalerii/adsieve/internal/adapter/postgres/pg_user.go:19.82,25.84 3 1
github.com/berezovskyivalerii/adsieve/internal/adapter/postgres/pg_user.go:25.84,26.64 1 1
github.com/berezovskyivalerii/adsieve/internal/adapter/postgres/pg_user.go:26.64,28.4 1 1
github.com/berezovskyivalerii/adsieve/internal/adapter/postgres/pg_user.go:29.3,29.16 1 0
github.com/berezovskyivalerii/adsieve/internal/adapter/postgres/pg_user.go:32.2,32.16 1 1
github.com/berezovskyivalerii/adsieve/internal/adapter/postgres/pg_user.go:35.84,44.35 4 1
github.com/berezovskyivalerii/adsieve/internal/adapter/postgres/pg_user.go:44.35,46.3 1 1
github.com/berezovskyivalerii/adsieve/internal/adapter/postgres/pg_user.go:47.2,47.15 1 1
github.com/berezovskyivalerii/adsieve/internal/domain/entity/user.go:10.13,12.2 1 1
github.com/berezovskyivalerii/adsieve/internal/domain/entity/user.go:26.38,28.2 1 0
